Build started 6/29/2014 3:01:50 PM.
     1>Project "F:\fbclient\fbclient\fbclient.vcxproj" on node 2 (Build target(s)).
     1>ClCompile:
         C:\Program Files (x86)\Microsoft Visual Studio 11.0\VC\bin\CL.exe /c /ZI /nologo /W3 /WX- /Od /Oy- /D _MBCS /Gm /EHsc /RTC1 /MDd /GS /fp:precise /Zc:wchar_t /Zc:forScope /Fo"Debug\\" /Fd"Debug\vc110.pdb" /Gd /TC /analyze- /errorReport:prompt E:\socket_client\socket_client\WinClient.cpp
         WinClient.cpp
     1>e:\socket_client\socket_client\winclient.cpp(58): error C2143: syntax error : missing ';' before 'type'
     1>e:\socket_client\socket_client\winclient.cpp(60): error C2065: 'my_addr' : undeclared identifier
     1>e:\socket_client\socket_client\winclient.cpp(60): error C2224: left of '.sin_family' must have struct/union type
     1>e:\socket_client\socket_client\winclient.cpp(61): error C2065: 'my_addr' : undeclared identifier
     1>e:\socket_client\socket_client\winclient.cpp(61): error C2224: left of '.sin_port' must have struct/union type
     1>e:\socket_client\socket_client\winclient.cpp(63): error C2065: 'my_addr' : undeclared identifier
     1>e:\socket_client\socket_client\winclient.cpp(63): error C2224: left of '.sin_zero' must have struct/union type
     1>e:\socket_client\socket_client\winclient.cpp(63): error C2198: 'memset' : too few arguments for call
     1>e:\socket_client\socket_client\winclient.cpp(64): error C2065: 'my_addr' : undeclared identifier
     1>e:\socket_client\socket_client\winclient.cpp(64): error C2224: left of '.sin_addr' must have struct/union type
     1>e:\socket_client\socket_client\winclient.cpp(72): error C2143: syntax error : missing ';' before 'type'
     1>e:\socket_client\socket_client\winclient.cpp(73): error C2143: syntax error : missing ';' before 'type'
     1>e:\socket_client\socket_client\winclient.cpp(74): error C2143: syntax error : missing ';' before 'type'
     1>e:\socket_client\socket_client\winclient.cpp(75): error C2143: syntax error : missing ';' before 'type'
     1>e:\socket_client\socket_client\winclient.cpp(77): error C2065: 'true' : undeclared identifier
     1>e:\socket_client\socket_client\winclient.cpp(81): error C2065: 'my_addr' : undeclared identifier
     1>e:\socket_client\socket_client\winclient.cpp(86): error C2065: 'buffer' : undeclared identifier
     1>e:\socket_client\socket_client\winclient.cpp(86): warning C4022: 'memset' : pointer mismatch for actual parameter 1
     1>e:\socket_client\socket_client\winclient.cpp(86): error C2065: 'buffer_len' : undeclared identifier
     1>e:\socket_client\socket_client\winclient.cpp(88): error C2143: syntax error : missing ';' before 'type'
     1>e:\socket_client\socket_client\winclient.cpp(88): error C2143: syntax error : missing ')' before 'type'
     1>e:\socket_client\socket_client\winclient.cpp(88): error C2065: 'c' : undeclared identifier
     1>e:\socket_client\socket_client\winclient.cpp(88): warning C4552: '!=' : operator has no effect; expected operator with side-effect
     1>e:\socket_client\socket_client\winclient.cpp(88): error C2065: 'p' : undeclared identifier
     1>e:\socket_client\socket_client\winclient.cpp(88): error C2059: syntax error : ')'
     1>e:\socket_client\socket_client\winclient.cpp(88): error C2143: syntax error : missing ';' before '{'
     1>e:\socket_client\socket_client\winclient.cpp(89): error C2065: 'c' : undeclared identifier
     1>e:\socket_client\socket_client\winclient.cpp(90): error C2065: 'p' : undeclared identifier
     1>e:\socket_client\socket_client\winclient.cpp(90): error C2100: illegal indirection
     1>e:\socket_client\socket_client\winclient.cpp(90): error C2065: 'c' : undeclared identifier
     1>e:\socket_client\socket_client\winclient.cpp(93): error C2065: 'bytecount' : undeclared identifier
     1>e:\socket_client\socket_client\winclient.cpp(93): error C2065: 'buffer' : undeclared identifier
     1>e:\socket_client\socket_client\winclient.cpp(93): warning C4047: 'function' : 'const char *' differs in levels of indirection from 'int'
     1>e:\socket_client\socket_client\winclient.cpp(93): warning C4024: 'send' : different types for formal and actual parameter 2
     1>e:\socket_client\socket_client\winclient.cpp(93): warning C4024: 'strlen' : different types for formal and actual parameter 1
     1>e:\socket_client\socket_client\winclient.cpp(97): error C2065: 'bytecount' : undeclared identifier
     1>e:\socket_client\socket_client\winclient.cpp(99): error C2065: 'bytecount' : undeclared identifier
     1>e:\socket_client\socket_client\winclient.cpp(99): error C2065: 'buffer' : undeclared identifier
     1>e:\socket_client\socket_client\winclient.cpp(99): warning C4047: 'function' : 'char *' differs in levels of indirection from 'int'
     1>e:\socket_client\socket_client\winclient.cpp(99): warning C4024: 'recv' : different types for formal and actual parameter 2
     1>e:\socket_client\socket_client\winclient.cpp(99): error C2065: 'buffer_len' : undeclared identifier
     1>e:\socket_client\socket_client\winclient.cpp(104): error C2065: 'buffer' : undeclared identifier
     1>Done Building Project "F:\fbclient\fbclient\fbclient.vcxproj" (Build target(s)) -- FAILED.

Build FAILED.

Time Elapsed 00:00:01.98
